<?xml version="1.0" encoding="UTF-8"?>
<testng-results ignored="0" total="1" passed="1" failed="0" skipped="0">
  <reporter-output>
  </reporter-output>
  <suite started-at="2024-09-22T21:57:52 IST" name="Default suite" finished-at="2024-09-22T21:58:16 IST" duration-ms="24060">
    <groups>
      <group name="cucumber">
        <method signature="AbstractTestNGCucumberTests.runScenario(io.cucumber.testng.PickleWrapper,io.cucumber.testng.FeatureWrapper)[pri:0, instance:com.xgen.automation.runner.CucumberRunnerTests_Extent@70cf32e3]" name="runScenario" class="io.cucumber.testng.AbstractTestNGCucumberTests"/>
      </group> <!-- cucumber -->
    </groups>
    <test started-at="2024-09-22T21:57:52 IST" name="Default test" finished-at="2024-09-22T21:58:16 IST" duration-ms="24060">
      <class name="com.xgen.automation.runner.CucumberRunnerTests_Extent">
        <test-method is-config="true" signature="setUpClass(org.testng.ITestContext)[pri:0, instance:com.xgen.automation.runner.CucumberRunnerTests_Extent@70cf32e3]" started-at="2024-09-22T21:57:52 IST" name="setUpClass" finished-at="2024-09-22T21:57:53 IST" duration-ms="815" status="PASS">
          <params>
            <param index="0">
              <value>
                <![CDATA[org.testng.TestRunner@3bb5ceb]]>
              </value>
            </param>
          </params>
          <reporter-output>
          </reporter-output>
        </test-method> <!-- setUpClass -->
        <test-method signature="runScenario(io.cucumber.testng.PickleWrapper,io.cucumber.testng.FeatureWrapper)[pri:0, instance:com.xgen.automation.runner.CucumberRunnerTests_Extent@70cf32e3]" started-at="2024-09-22T21:57:53 IST" name="runScenario" description="Runs Cucumber Scenarios" data-provider="scenarios" finished-at="2024-09-22T21:58:15 IST" duration-ms="22416" status="PASS">
          <params>
            <param index="0">
              <value>
                <![CDATA["The Logout functionality of xGENBI user interface"]]>
              </value>
            </param>
            <param index="1">
              <value>
                <![CDATA["Getting Started"]]>
              </value>
            </param>
          </params>
          <reporter-output>
          </reporter-output>
        </test-method> <!-- runScenario -->
        <test-method is-config="true" signature="tearDownClass()[pri:0, instance:com.xgen.automation.runner.CucumberRunnerTests_Extent@70cf32e3]" started-at="2024-09-22T21:58:15 IST" name="tearDownClass" finished-at="2024-09-22T21:58:16 IST" duration-ms="755" status="PASS">
          <reporter-output>
          </reporter-output>
        </test-method> <!-- tearDownClass -->
      </class> <!-- com.xgen.automation.runner.CucumberRunnerTests_Extent -->
    </test> <!-- Default test -->
  </suite> <!-- Default suite -->
</testng-results>
